
2015-02-11 03:13:04  | INFO | +++++++++
2015-02-11 03:13:04  | INFO | +Log Test
2015-02-11 03:13:04  | INFO | +++++++++
2015-02-11 03:18:22  | INFO | +++++++++
2015-02-11 03:18:22  | INFO | +Log Test
2015-02-11 03:18:22  | INFO | +++++++++
2015-02-11 09:39:43  | INFO | Term taxonomy edited or deleted
2015-02-11 09:39:43  | INFO | Term taxonomy '光影' edited, (tt_id '5', term_id '5', taxonomy 'category')
2015-02-11 09:39:43  | INFO | Purging homepage 'http://shuailong.me/blog/'
2015-02-11 09:39:43  | INFO | - Purging URL | http://shuailong.me/blog/
2015-02-11 09:39:43  | INFO | - - http://shuailong.me/purge/blog/ is currently not cached
2015-02-11 09:39:43  | INFO | - - http://shuailong.me/purge/blog/feed/ is currently not cached
2015-02-11 09:39:43  | INFO | - - http://shuailong.me/purge/blog/feed/atom/ is currently not cached
2015-02-11 09:39:43  | INFO | - - http://shuailong.me/purge/blog/feed/rdf/ is currently not cached
2015-02-11 09:41:00  | INFO | Term taxonomy edited or deleted
2015-02-11 09:41:00  | INFO | Term taxonomy '写字台' edited, (tt_id '3', term_id '3', taxonomy 'category')
2015-02-11 09:41:00  | INFO | Purging homepage 'http://shuailong.me/blog/'
2015-02-11 09:41:00  | INFO | - Purging URL | http://shuailong.me/blog/
2015-02-11 09:41:00  | INFO | - - http://shuailong.me/purge/blog/ is currently not cached
2015-02-11 09:41:00  | INFO | - - http://shuailong.me/purge/blog/feed/ is currently not cached
2015-02-11 09:41:00  | INFO | - - http://shuailong.me/purge/blog/feed/atom/ is currently not cached
2015-02-11 09:41:00  | INFO | - - http://shuailong.me/purge/blog/feed/rdf/ is currently not cached
2015-02-11 09:41:20  | INFO | Term taxonomy edited or deleted
2015-02-11 09:41:20  | INFO | Term taxonomy '创意' edited, (tt_id '8', term_id '8', taxonomy 'category')
2015-02-11 09:41:20  | INFO | Purging homepage 'http://shuailong.me/blog/'
2015-02-11 09:41:20  | INFO | - Purging URL | http://shuailong.me/blog/
2015-02-11 09:41:20  | INFO | - - http://shuailong.me/purge/blog/ is currently not cached
2015-02-11 09:41:20  | INFO | - - http://shuailong.me/purge/blog/feed/ is currently not cached
2015-02-11 09:41:20  | INFO | - - http://shuailong.me/purge/blog/feed/atom/ is currently not cached
2015-02-11 09:41:20  | INFO | - - http://shuailong.me/purge/blog/feed/rdf/ is currently not cached